#
# There is insufficient memory for the Java Runtime Environment to continue.
# Native memory allocation (malloc) failed to allocate 1603696 bytes for Chunk::new
# Possible reasons:
#   The system is out of physical RAM or swap space
#   The process is running with CompressedOops enabled, and the Java Heap may be blocking the growth of the native heap
# Possible solutions:
#   Reduce memory load on the system
#   Increase physical memory or swap space
#   Check if swap backing store is full
#   Decrease Java heap size (-Xmx/-Xms)
#   Decrease number of Java threads
#   Decrease Java thread stack sizes (-Xss)
#   Set larger code cache with -XX:ReservedCodeCacheSize=
#   JVM is running with Unscaled Compressed Oops mode in which the Java heap is
#     placed in the first 4GB address space. The Java Heap base address is the
#     maximum limit for the native heap growth. Please use -XX:HeapBaseMinAddress
#     to set the Java Heap base and to place the Java Heap above 4GB virtual address.
# This output file may be truncated or incomplete.
#
#  Out of Memory Error (allocation.cpp:389), pid=17096, tid=0x000000000000360c
#
# JRE version: OpenJDK Runtime Environment (8.0_242-b01) (build 1.8.0_242-release-1644-b01)
# Java VM: OpenJDK 64-Bit Server VM (25.242-b01 mixed mode windows-amd64 compressed oops)
# Failed to write core dump. Minidumps are not enabled by default on client versions of Windows
#

---------------  T H R E A D  ---------------

Current thread (0x0000000018452000):  JavaThread "C2 CompilerThread0" daemon [_thread_in_native, id=13836, stack(0x000000001a3e0000,0x000000001a4e0000)]

Stack: [0x000000001a3e0000,0x000000001a4e0000]
[error occurred during error reporting (printing stack bounds), id 0xc0000005]

Native frames: (J=compiled Java code, j=interpreted, Vv=VM code, C=native code)


Current CompileTask:
C2:   3910 2729       4       groovy.lang.MetaClassImpl$1MOPIter::methodNameAction (325 bytes)


---------------  P R O C E S S  ---------------

Java Threads: ( => current thread )
  0x000000001c5cb000 JavaThread "Cache worker for execution history cache (C:\Users\NING MEI\.gradle\caches\6.1.1\executionHistory)" [_thread_blocked, id=4280, stack(0x0000000021f10000,0x0000000022010000)]
  0x000000001c5c8000 JavaThread "Cache worker for cache directory md-rule (C:\Users\NING MEI\.gradle\caches\6.1.1\md-rule)" [_thread_blocked, id=10768, stack(0x0000000020b70000,0x0000000020c70000)]
  0x000000001c5cc800 JavaThread "Cache worker for cache directory md-supplier (C:\Users\NING MEI\.gradle\caches\6.1.1\md-supplier)" [_thread_blocked, id=11428, stack(0x00000000207d0000,0x00000000208d0000)]
  0x000000001c5c8800 JavaThread "Cache worker for file hash cache (D:\AndroidStudioProjects\aaa\JetPackDemo_master\.gradle\6.1.1\fileHashes)" [_thread_blocked, id=16532, stack(0x0000000020a70000,0x0000000020b70000)]
  0x000000001c5cd000 JavaThread "Cache worker for checksums cache (D:\AndroidStudioProjects\aaa\JetPackDemo_master\.gradle\checksums)" [_thread_blocked, id=17044, stack(0x0000000020970000,0x0000000020a70000)]
  0x000000001c5ce000 JavaThread "Cache worker for file hash cache (C:\Users\NING MEI\.gradle\caches\6.1.1\fileHashes)" [_thread_blocked, id=11324, stack(0x000000001e330000,0x000000001e430000)]
  0x000000001c5cf000 JavaThread "File lock request listener" [_thread_in_native, id=2700, stack(0x000000001e230000,0x000000001e330000)]
  0x000000001abc2800 JavaThread "Cache worker for journal cache (C:\Users\NING MEI\.gradle\caches\journal-1)" [_thread_blocked, id=15224, stack(0x000000001e130000,0x000000001e230000)]
  0x000000001c4ba000 JavaThread "Thread-9" [_thread_blocked, id=8168, stack(0x000000001de30000,0x000000001df30000)]
  0x000000001c48a000 JavaThread "Stdin handler" [_thread_blocked, id=16604, stack(0x000000001dd30000,0x000000001de30000)]
  0x000000001c486800 JavaThread "Asynchronous log dispatcher for DefaultDaemonConnection: socket connection from /127.0.0.1:55010 to /127.0.0.1:55011" [_thread_blocked, id=14580, stack(0x000000001dc30000,0x000000001dd30000)]
  0x000000001c458800 JavaThread "Daemon worker" [_thread_in_native, id=16000, stack(0x000000001db30000,0x000000001dc30000)]
  0x000000001c458000 JavaThread "Cancel handler" [_thread_blocked, id=16772, stack(0x000000001da30000,0x000000001db30000)]
  0x000000001c3c0000 JavaThread "Handler for socket connection from /127.0.0.1:55010 to /127.0.0.1:55011" [_thread_in_native, id=16436, stack(0x000000001d730000,0x000000001d830000)]
  0x000000001c3bf800 JavaThread "Daemon" [_thread_blocked, id=4708, stack(0x000000001d630000,0x000000001d730000)]
  0x000000001c414000 JavaThread "Daemon periodic checks" [_thread_blocked, id=9896, stack(0x000000001d530000,0x000000001d630000)]
  0x000000001c446800 JavaThread "Incoming local TCP Connector on port 55010" [_thread_in_native, id=4284, stack(0x000000001d380000,0x000000001d480000)]
  0x000000001c347000 JavaThread "Daemon health stats" [_thread_blocked, id=17116, stack(0x000000001d280000,0x000000001d380000)]
  0x0000000019ea8800 JavaThread "Service Thread" daemon [_thread_blocked, id=15836, stack(0x000000001a6e0000,0x000000001a7e0000)]
  0x0000000019e32800 JavaThread "C1 CompilerThread2" daemon [_thread_blocked, id=10876, stack(0x000000001a5e0000,0x000000001a6e0000)]
  0x0000000019e2e000 JavaThread "C2 CompilerThread1" daemon [_thread_in_native, id=10480, stack(0x000000001a4e0000,0x000000001a5e0000)]
=>0x0000000018452000 JavaThread "C2 CompilerThread0" daemon [_thread_in_native, id=13836, stack(0x000000001a3e0000,0x000000001a4e0000)]
  0x0000000019e2a000 JavaThread "Attach Listener" daemon [_thread_blocked, id=17380, stack(0x000000001a2e0000,0x000000001a3e0000)]
  0x000000001845e000 JavaThread "Signal Dispatcher" daemon [_thread_blocked, id=9900, stack(0x000000001a1e0000,0x000000001a2e0000)]
  0x000000001842b800 JavaThread "Finalizer" daemon [_thread_blocked, id=16784, stack(0x0000000019ce0000,0x0000000019de0000)]
  0x00000000035d4000 JavaThread "Reference Handler" daemon [_thread_blocked, id=8416, stack(0x0000000019be0000,0x0000000019ce0000)]
  0x00000000034de000 JavaThread "main" [_thread_blocked, id=6120, stack(0x0000000003310000,0x0000000003410000)]

Other Threads:
  0x0000000018406800 VMThread [stack: 0x0000000019ae0000,0x0000000019be0000] [id=15468]
  0x0000000019ec5800 WatcherThread [stack: 0x000000001a7e0000,0x000000001a8e0000] [id=16236]

VM state:not at safepoint (normal execution)

VM Mutex/Monitor currently owned by a thread: None

heap address: 0x0000000080000000, size: 2048 MB, Compressed Oops mode: 32-bit
Narrow klass base: 0x0000000000000000, Narrow klass shift: 3
Compressed class space size: 1073741824 Address: 0x0000000100000000

Heap:
 PSYoungGen      total 117248K, used 92407K [0x00000000d5580000, 0x00000000dd480000, 0x0000000100000000)
  eden space 104448K, 88% used [0x00000000d5580000,0x00000000dafbdcc8,0x00000000dbb80000)
  from space 12800K, 0% used [0x00000000dbb80000,0x00000000dbb80000,0x00000000dc800000)
  to   space 11264K, 0% used [0x00000000dc980000,0x00000000dc980000,0x00000000dd480000)
 ParOldGen       total 152064K, used 15514K [0x0000000080000000, 0x0000000089480000, 0x00000000d5580000)
  object space 152064K, 10% used [0x0000000080000000,0x0000000080f26ae0,0x0000000089480000)
 Metaspace       used 39372K, capacity 40644K, committed 41008K, reserved 1085440K
  class space    used 5314K, capacity 5604K, committed 5680K, reserved 1048576K

Card table byte_map: [0x00000000129a0000,0x0000000012db0000] byte_map_base: 0x00000000125a0000

Marking Bits: (ParMarkBitMap*) 0x0000000060c2f030
 Begin Bits: [0x0000000013660000, 0x0000000015660000)
 End Bits:   [0x0000000015660000, 0x0000000017660000)

Polling page: 0x0000000001750000

CodeCache: size=245760Kb used=12761Kb max_used=12761Kb free=232998Kb
 bounds [0x00000000035e0000, 0x0000000004260000, 0x00000000125e0000]
 total_blobs=3980 nmethods=3248 adapters=644
 compilation: enabled

Compilation events (10 events):
Event: 3.905 Thread 0x0000000019e32800 3251       3       com.google.common.collect.ImmutableList::copyOf (44 bytes)
Event: 3.906 Thread 0x0000000019e32800 nmethod 3251 0x0000000004257790 code [0x0000000004257a20, 0x0000000004258b48]
Event: 3.906 Thread 0x0000000019e32800 3252       3       org.gradle.util.internal.SimpleMapInterner::intern (9 bytes)
Event: 3.906 Thread 0x0000000019e32800 nmethod 3252 0x00000000042594d0 code [0x0000000004259640, 0x00000000042598c8]
Event: 3.906 Thread 0x0000000019e32800 3253       3       org.gradle.util.internal.SimpleMapInterner::intern (40 bytes)
Event: 3.906 Thread 0x0000000019e32800 nmethod 3253 0x0000000004259990 code [0x0000000004259b20, 0x0000000004259f98]
Event: 3.907 Thread 0x0000000019e32800 3254       1       org.gradle.api.internal.artifacts.dependencies.DefaultImmutableVersionConstraint::getStrictVersion (5 bytes)
Event: 3.907 Thread 0x0000000019e32800 nmethod 3254 0x000000000425a0d0 code [0x000000000425a220, 0x000000000425a330]
Event: 3.908 Thread 0x0000000019e32800 3255       1       org.gradle.api.attributes.Attribute::getType (5 bytes)
Event: 3.908 Thread 0x0000000019e32800 nmethod 3255 0x000000000425a390 code [0x000000000425a4e0, 0x000000000425a5f0]

GC Heap History (10 events):
Event: 2.109 GC heap before
{Heap before GC invocations=5 (full 1):
 PSYoungGen      total 76288K, used 8146K [0x00000000d5580000, 0x00000000dea80000, 0x0000000100000000)
  eden space 65536K, 0% used [0x00000000d5580000,0x00000000d5580000,0x00000000d9580000)
  from space 10752K, 75% used [0x00000000da000000,0x00000000da7f4a90,0x00000000daa80000)
  to   space 10752K, 0% used [0x00000000d9580000,0x00000000d9580000,0x00000000da000000)
 ParOldGen       total 175104K, used 1850K [0x0000000080000000, 0x000000008ab00000, 0x00000000d5580000)
  object space 175104K, 1% used [0x0000000080000000,0x00000000801cea18,0x000000008ab00000)
 Metaspace       used 20525K, capacity 21230K, committed 21296K, reserved 1067008K
  class space    used 2875K, capacity 3097K, committed 3120K, reserved 1048576K
Event: 2.131 GC heap after
Heap after GC invocations=5 (full 1):
 PSYoungGen      total 76288K, used 0K [0x00000000d5580000, 0x00000000dea80000, 0x0000000100000000)
  eden space 65536K, 0% used [0x00000000d5580000,0x00000000d5580000,0x00000000d9580000)
  from space 10752K, 0% used [0x00000000da000000,0x00000000da000000,0x00000000daa80000)
  to   space 10752K, 0% used [0x00000000d9580000,0x00000000d9580000,0x00000000da000000)
 ParOldGen       total 99328K, used 7957K [0x0000000080000000, 0x0000000086100000, 0x00000000d5580000)
  object space 99328K, 8% used [0x0000000080000000,0x00000000807c5728,0x0000000086100000)
 Metaspace       used 20525K, capacity 21230K, committed 21296K, reserved 1067008K
  class space    used 2875K, capacity 3097K, committed 3120K, reserved 1048576K
}
Event: 2.594 GC heap before
{Heap before GC invocations=6 (full 1):
 PSYoungGen      total 76288K, used 65536K [0x00000000d5580000, 0x00000000dea80000, 0x0000000100000000)
  eden space 65536K, 100% used [0x00000000d5580000,0x00000000d9580000,0x00000000d9580000)
  from space 10752K, 0% used [0x00000000da000000,0x00000000da000000,0x00000000daa80000)
  to   space 10752K, 0% used [0x00000000d9580000,0x00000000d9580000,0x00000000da000000)
 ParOldGen       total 99328K, used 7957K [0x0000000080000000, 0x0000000086100000, 0x00000000d5580000)
  object space 99328K, 8% used [0x0000000080000000,0x00000000807c5728,0x0000000086100000)
 Metaspace       used 27917K, capacity 28720K, committed 28976K, reserved 1075200K
  class space    used 3833K, capacity 4075K, committed 4144K, reserved 1048576K
Event: 2.598 GC heap after
Heap after GC invocations=6 (full 1):
 PSYoungGen      total 76288K, used 7614K [0x00000000d5580000, 0x00000000dd680000, 0x0000000100000000)
  eden space 65536K, 0% used [0x00000000d5580000,0x00000000d5580000,0x00000000d9580000)
  from space 10752K, 70% used [0x00000000d9580000,0x00000000d9cef9b0,0x00000000da000000)
  to   space 13312K, 0% used [0x00000000dc980000,0x00000000dc980000,0x00000000dd680000)
 ParOldGen       total 99328K, used 7965K [0x0000000080000000, 0x0000000086100000, 0x00000000d5580000)
  object space 99328K, 8% used [0x0000000080000000,0x00000000807c7728,0x0000000086100000)
 Metaspace       used 27917K, capacity 28720K, committed 28976K, reserved 1075200K
  class space    used 3833K, capacity 4075K, committed 4144K, reserved 1048576K
}
Event: 3.095 GC heap before
{Heap before GC invocations=7 (full 1):
 PSYoungGen      total 76288K, used 73150K [0x00000000d5580000, 0x00000000dd680000, 0x0000000100000000)
  eden space 65536K, 100% used [0x00000000d5580000,0x00000000d9580000,0x00000000d9580000)
  from space 10752K, 70% used [0x00000000d9580000,0x00000000d9cef9b0,0x00000000da000000)
  to   space 13312K, 0% used [0x00000000dc980000,0x00000000dc980000,0x00000000dd680000)
 ParOldGen       total 99328K, used 7965K [0x0000000080000000, 0x0000000086100000, 0x00000000d5580000)
  object space 99328K, 8% used [0x0000000080000000,0x00000000807c7728,0x0000000086100000)
 Metaspace       used 32317K, capacity 33206K, committed 33328K, reserved 1077248K
  class space    used 4347K, capacity 4590K, committed 4656K, reserved 1048576K
Event: 3.102 GC heap after
Heap after GC invocations=7 (full 1):
 PSYoungGen      total 115712K, used 8390K [0x00000000d5580000, 0x00000000dd480000, 0x0000000100000000)
  eden space 104448K, 0% used [0x00000000d5580000,0x00000000d5580000,0x00000000dbb80000)
  from space 11264K, 74% used [0x00000000dc980000,0x00000000dd1b1880,0x00000000dd480000)
  to   space 12800K, 0% used [0x00000000dbb80000,0x00000000dbb80000,0x00000000dc800000)
 ParOldGen       total 99328K, used 7973K [0x0000000080000000, 0x0000000086100000, 0x00000000d5580000)
  object space 99328K, 8% used [0x0000000080000000,0x00000000807c9728,0x0000000086100000)
 Metaspace       used 32317K, capacity 33206K, committed 33328K, reserved 1077248K
  class space    used 4347K, capacity 4590K, committed 4656K, reserved 1048576K
}
Event: 3.288 GC heap before
{Heap before GC invocations=8 (full 1):
 PSYoungGen      total 115712K, used 37685K [0x00000000d5580000, 0x00000000dd480000, 0x0000000100000000)
  eden space 104448K, 28% used [0x00000000d5580000,0x00000000d721be30,0x00000000dbb80000)
  from space 11264K, 74% used [0x00000000dc980000,0x00000000dd1b1880,0x00000000dd480000)
  to   space 12800K, 0% used [0x00000000dbb80000,0x00000000dbb80000,0x00000000dc800000)
 ParOldGen       total 99328K, used 7973K [0x0000000080000000, 0x0000000086100000, 0x00000000d5580000)
  object space 99328K, 8% used [0x0000000080000000,0x00000000807c9728,0x0000000086100000)
 Metaspace       used 34288K, capacity 35386K, committed 35496K, reserved 1079296K
  class space    used 4602K, capacity 4904K, committed 4912K, reserved 1048576K
Event: 3.294 GC heap after
Heap after GC invocations=8 (full 1):
 PSYoungGen      total 117248K, used 8095K [0x00000000d5580000, 0x00000000dd480000, 0x0000000100000000)
  eden space 104448K, 0% used [0x00000000d5580000,0x00000000d5580000,0x00000000dbb80000)
  from space 12800K, 63% used [0x00000000dbb80000,0x00000000dc367ce0,0x00000000dc800000)
  to   space 11264K, 0% used [0x00000000dc980000,0x00000000dc980000,0x00000000dd480000)
 ParOldGen       total 99328K, used 7973K [0x0000000080000000, 0x0000000086100000, 0x00000000d5580000)
  object space 99328K, 8% used [0x0000000080000000,0x00000000807c9728,0x0000000086100000)
 Metaspace       used 34288K, capacity 35386K, committed 35496K, reserved 1079296K
  class space    used 4602K, capacity 4904K, committed 4912K, reserved 1048576K
}
Event: 3.294 GC heap before
{Heap before GC invocations=9 (full 2):
 PSYoungGen      total 117248K, used 8095K [0x00000000d5580000, 0x00000000dd480000, 0x0000000100000000)
  eden space 104448K, 0% used [0x00000000d5580000,0x00000000d5580000,0x00000000dbb80000)
  from space 12800K, 63% used [0x00000000dbb80000,0x00000000dc367ce0,0x00000000dc800000)
  to   space 11264K, 0% used [0x00000000dc980000,0x00000000dc980000,0x00000000dd480000)
 ParOldGen       total 99328K, used 7973K [0x0000000080000000, 0x0000000086100000, 0x00000000d5580000)
  object space 99328K, 8% used [0x0000000080000000,0x00000000807c9728,0x0000000086100000)
 Metaspace       used 34288K, capacity 35386K, committed 35496K, reserved 1079296K
  class space    used 4602K, capacity 4904K, committed 4912K, reserved 1048576K
Event: 3.325 GC heap after
Heap after GC invocations=9 (full 2):
 PSYoungGen      total 117248K, used 0K [0x00000000d5580000, 0x00000000dd480000, 0x0000000100000000)
  eden space 104448K, 0% used [0x00000000d5580000,0x00000000d5580000,0x00000000dbb80000)
  from space 12800K, 0% used [0x00000000dbb80000,0x00000000dbb80000,0x00000000dc800000)
  to   space 11264K, 0% used [0x00000000dc980000,0x00000000dc980000,0x00000000dd480000)
 ParOldGen       total 152064K, used 15514K [0x0000000080000000, 0x0000000089480000, 0x00000000d5580000)
  object space 152064K, 10% used [0x0000000080000000,0x0000000080f26ae0,0x0000000089480000)
 Metaspace       used 34288K, capacity 35386K, committed 35496K, reserved 1079296K
  class space    used 4602K, capacity 4904K, committed 4912K, reserved 1048576K
}

Deoptimization events (10 events):
Event: 3.600 Thread 0x000000001c458800 Uncommon trap: reason=unstable_if action=reinterpret pc=0x000000000386384c method=java.util.HashMap.getNode(ILjava/lang/Object;)Ljava/util/HashMap$Node; @ 53
Event: 3.600 Thread 0x000000001c458800 Uncommon trap: reason=unstable_if action=reinterpret pc=0x0000000003abb17c method=java.util.HashMap.hash(Ljava/lang/Object;)I @ 1
Event: 3.647 Thread 0x000000001c458800 Uncommon trap: reason=unstable_if action=reinterpret pc=0x0000000003f07080 method=org.objectweb.asm.ByteVector.putShort(I)Lorg/objectweb/asm/ByteVector; @ 13
Event: 3.648 Thread 0x000000001c458800 Uncommon trap: reason=unstable_if action=reinterpret pc=0x0000000003c70fd8 method=java.net.URLStreamHandler.sameFile(Ljava/net/URL;Ljava/net/URL;)Z @ 63
Event: 3.650 Thread 0x000000001c458800 Uncommon trap: reason=unstable_if action=reinterpret pc=0x0000000003ccf2a0 method=java.net.URLStreamHandler.sameFile(Ljava/net/URL;Ljava/net/URL;)Z @ 63
Event: 3.678 Thread 0x000000001c458800 Uncommon trap: reason=unstable_if action=reinterpret pc=0x00000000040ce5d0 method=java.lang.ClassLoader.checkCerts(Ljava/lang/String;Ljava/security/CodeSource;)V @ 29
Event: 3.696 Thread 0x000000001c458800 Uncommon trap: reason=unstable_if action=reinterpret pc=0x0000000003f0fcb0 method=org.gradle.internal.reflect.PropertyAccessorType.isGetGetterName(Ljava/lang/String;)Z @ 14
Event: 3.722 Thread 0x000000001c458800 Uncommon trap: reason=unstable_if action=reinterpret pc=0x000000000404fb0c method=java.util.regex.Pattern$CharProperty.match(Ljava/util/regex/Matcher;ILjava/lang/CharSequence;)Z @ 40
Event: 3.794 Thread 0x000000001c458800 Uncommon trap: reason=unstable_if action=reinterpret pc=0x00000000038a7fd8 method=java.net.URI.match(CJJ)Z @ 45
Event: 3.796 Thread 0x000000001c458800 Uncommon trap: reason=unstable_if action=reinterpret pc=0x00000000037abee0 method=java.net.URI.match(CJJ)Z @ 45

Classes redefined (0 events):
No events

Internal exceptions (10 events):
Event: 3.757 Thread 0x000000001c458800 Exception <a 'java/lang/ClassNotFoundException': org/gradle/api/internal/artifacts/DefaultArtifactRepositoryContainerBeanInfo> (0x00000000d9107f70) thrown at [C:\src\AOSP-openjdk-git\hotspot\src\share\vm\classfile\systemDictionary.cpp, line 210]
Event: 3.757 Thread 0x000000001c458800 Exception <a 'java/lang/ClassNotFoundException': org/gradle/api/internal/DefaultNamedDomainObjectListBeanInfo> (0x00000000d913cb90) thrown at [C:\src\AOSP-openjdk-git\hotspot\src\share\vm\classfile\systemDictionary.cpp, line 210]
Event: 3.758 Thread 0x000000001c458800 Exception <a 'java/lang/ClassNotFoundException': org/gradle/api/internal/DefaultNamedDomainObjectCollectionBeanInfo> (0x00000000d9173d48) thrown at [C:\src\AOSP-openjdk-git\hotspot\src\share\vm\classfile\systemDictionary.cpp, line 210]
Event: 3.758 Thread 0x000000001c458800 Exception <a 'java/lang/ClassNotFoundException': org/gradle/api/internal/DefaultDomainObjectCollectionBeanInfo> (0x00000000d91a9840) thrown at [C:\src\AOSP-openjdk-git\hotspot\src\share\vm\classfile\systemDictionary.cpp, line 210]
Event: 3.758 Thread 0x000000001c458800 Exception <a 'java/lang/ClassNotFoundException': org/gradle/api/internal/DefaultDomainObjectCollectionCustomizer> (0x00000000d91dfd90) thrown at [C:\src\AOSP-openjdk-git\hotspot\src\share\vm\classfile\systemDictionary.cpp, line 210]
Event: 3.760 Thread 0x000000001c458800 Exception <a 'java/lang/ClassNotFoundException': org/gradle/api/internal/DefaultNamedDomainObjectCollectionCustomizer> (0x00000000d923f6a8) thrown at [C:\src\AOSP-openjdk-git\hotspot\src\share\vm\classfile\systemDictionary.cpp, line 210]
Event: 3.761 Thread 0x000000001c458800 Exception <a 'java/lang/ClassNotFoundException': org/gradle/api/internal/DefaultNamedDomainObjectListCustomizer> (0x00000000d92af2d0) thrown at [C:\src\AOSP-openjdk-git\hotspot\src\share\vm\classfile\systemDictionary.cpp, line 210]
Event: 3.762 Thread 0x000000001c458800 Exception <a 'java/lang/ClassNotFoundException': org/gradle/api/internal/artifacts/DefaultArtifactRepositoryContainerCustomizer> (0x00000000d93262f0) thrown at [C:\src\AOSP-openjdk-git\hotspot\src\share\vm\classfile\systemDictionary.cpp, line 210]
Event: 3.763 Thread 0x000000001c458800 Exception <a 'java/lang/ClassNotFoundException': org/gradle/api/internal/artifacts/dsl/DefaultRepositoryHandlerCustomizer> (0x00000000d938e268) thrown at [C:\src\AOSP-openjdk-git\hotspot\src\share\vm\classfile\systemDictionary.cpp, line 210]
Event: 3.764 Thread 0x000000001c458800 Exception <a 'java/lang/ClassNotFoundException': org/gradle/api/internal/artifacts/dsl/DefaultRepositoryHandler_DecoratedCustomizer> (0x00000000d940c9a8) thrown at [C:\src\AOSP-openjdk-git\hotspot\src\share\vm\classfile\systemDictionary.cpp, line 210]

Events (10 events):
Event: 3.897 loading class org/gradle/api/internal/artifacts/ivyservice/resolveengine/excludes/specs/ExcludeSpec
Event: 3.897 loading class org/gradle/api/internal/artifacts/ivyservice/resolveengine/excludes/specs/ExcludeSpec done
Event: 3.897 loading class org/gradle/api/internal/artifacts/ivyservice/resolveengine/excludes/specs/ExcludeSpec
Event: 3.897 loading class org/gradle/api/internal/artifacts/ivyservice/resolveengine/excludes/specs/ExcludeSpec done
Event: 3.897 loading class org/gradle/api/internal/artifacts/ivyservice/resolveengine/excludes/factories/OptimizingExcludeFactory
Event: 3.897 loading class org/gradle/api/internal/artifacts/ivyservice/resolveengine/excludes/factories/OptimizingExcludeFactory done
Event: 3.898 loading class org/gradle/api/internal/artifacts/ivyservice/resolveengine/excludes/factories/Optimizations
Event: 3.898 loading class org/gradle/api/internal/artifacts/ivyservice/resolveengine/excludes/factories/Optimizations done
Event: 3.898 loading class org/gradle/internal/component/external/model/ConfigurationBoundExternalDependencyMetadata
Event: 3.898 loading class org/gradle/internal/component/external/model/ConfigurationBoundExternalDependencyMetadata done


Dynamic libraries:
0x00007ff744690000 - 0x00007ff7446c1000 	D:\Android\AndroidSutdio\jre\bin\java.exe
0x00007ffc5ac80000 - 0x00007ffc5ae70000 	C:\Windows\SYSTEM32\ntdll.dll
0x00007ffc59180000 - 0x00007ffc59232000 	C:\Windows\System32\KERNEL32.DLL
0x00007ffc58950000 - 0x00007ffc58bf4000 	C:\Windows\System32\KERNELBASE.dll
0x00007ffc58e80000 - 0x00007ffc58f23000 	C:\Windows\System32\ADVAPI32.dll
0x00007ffc59a00000 - 0x00007ffc59a9e000 	C:\Windows\System32\msvcrt.dll
0x00007ffc590c0000 - 0x00007ffc59157000 	C:\Windows\System32\sechost.dll
0x00007ffc59240000 - 0x00007ffc59360000 	C:\Windows\System32\RPCRT4.dll
0x00007ffc597b0000 - 0x00007ffc59944000 	C:\Windows\System32\USER32.dll
0x00007ffc58c00000 - 0x00007ffc58c21000 	C:\Windows\System32\win32u.dll
0x00007ffc59b10000 - 0x00007ffc59b36000 	C:\Windows\System32\GDI32.dll
0x00007ffc57db0000 - 0x00007ffc57f44000 	C:\Windows\System32\gdi32full.dll
0x00007ffc58c30000 - 0x00007ffc58cce000 	C:\Windows\System32\msvcp_win.dll
0x00007ffc57c30000 - 0x00007ffc57d2a000 	C:\Windows\System32\ucrtbase.dll
0x00007ffc4c760000 - 0x00007ffc4c9e4000 	C:\Windows\WinSxS\amd64_microsoft.windows.common-controls_6595b64144ccf1df_6.0.18362.836_none_e6c4b943130f18ed\COMCTL32.dll
0x00007ffc59470000 - 0x00007ffc597a6000 	C:\Windows\System32\combase.dll
0x00007ffc57f50000 - 0x00007ffc57fd0000 	C:\Windows\System32\bcryptPrimitives.dll
0x00007ffc599d0000 - 0x00007ffc599fe000 	C:\Windows\System32\IMM32.DLL
0x000000005f860000 - 0x000000005f932000 	D:\Android\AndroidSutdio\jre\jre\bin\msvcr100.dll
0x0000000060460000 - 0x0000000060cab000 	D:\Android\AndroidSutdio\jre\jre\bin\server\jvm.dll
0x00007ffc599c0000 - 0x00007ffc599c8000 	C:\Windows\System32\PSAPI.DLL
0x00007ffc525b0000 - 0x00007ffc525ba000 	C:\Windows\SYSTEM32\VERSION.dll
0x00007ffc532d0000 - 0x00007ffc532d9000 	C:\Windows\SYSTEM32\WSOCK32.dll
0x00007ffc55de0000 - 0x00007ffc55e04000 	C:\Windows\SYSTEM32\WINMM.dll
0x00007ffc59aa0000 - 0x00007ffc59b0f000 	C:\Windows\System32\WS2_32.dll
0x00007ffc55c50000 - 0x00007ffc55c7d000 	C:\Windows\SYSTEM32\winmmbase.dll
0x00007ffc57d60000 - 0x00007ffc57daa000 	C:\Windows\System32\cfgmgr32.dll
0x00007ffc53110000 - 0x00007ffc5311f000 	D:\Android\AndroidSutdio\jre\jre\bin\verify.dll
0x00007ffc52870000 - 0x00007ffc52899000 	D:\Android\AndroidSutdio\jre\jre\bin\java.dll
0x00007ffc52a00000 - 0x00007ffc52a16000 	D:\Android\AndroidSutdio\jre\jre\bin\zip.dll
0x00007ffc5a3b0000 - 0x00007ffc5aa94000 	C:\Windows\System32\SHELL32.dll
0x00007ffc593c0000 - 0x00007ffc59469000 	C:\Windows\System32\shcore.dll
0x00007ffc57fd0000 - 0x00007ffc5874e000 	C:\Windows\System32\windows.storage.dll
0x00007ffc57be0000 - 0x00007ffc57c03000 	C:\Windows\System32\profapi.dll
0x00007ffc57b50000 - 0x00007ffc57b9a000 	C:\Windows\System32\powrprof.dll
0x00007ffc57b40000 - 0x00007ffc57b50000 	C:\Windows\System32\UMPDC.dll
0x00007ffc5abe0000 - 0x00007ffc5ac32000 	C:\Windows\System32\shlwapi.dll
0x00007ffc57ba0000 - 0x00007ffc57bb1000 	C:\Windows\System32\kernel.appcore.dll
0x00007ffc57c10000 - 0x00007ffc57c27000 	C:\Windows\System32\cryptsp.dll
0x00007ffc51550000 - 0x00007ffc5156a000 	D:\Android\AndroidSutdio\jre\jre\bin\net.dll
0x00007ffc57380000 - 0x00007ffc573e7000 	C:\Windows\system32\mswsock.dll
0x00007ffc51530000 - 0x00007ffc51543000 	D:\Android\AndroidSutdio\jre\jre\bin\nio.dll
0x00007ffc50fa0000 - 0x00007ffc50fc6000 	C:\Users\NING MEI\.gradle\native\31\windows-amd64\native-platform.dll
0x00007ffc52a40000 - 0x00007ffc52a4d000 	D:\Android\AndroidSutdio\jre\jre\bin\management.dll
0x00007ffc56ef0000 - 0x00007ffc56f23000 	C:\Windows\system32\rsaenh.dll
0x00007ffc57d30000 - 0x00007ffc57d56000 	C:\Windows\System32\bcrypt.dll
0x00007ffc57a30000 - 0x00007ffc57a55000 	C:\Windows\SYSTEM32\USERENV.dll
0x00007ffc57550000 - 0x00007ffc5755c000 	C:\Windows\SYSTEM32\CRYPTBASE.dll
0x00007ffc57090000 - 0x00007ffc570ca000 	C:\Windows\SYSTEM32\IPHLPAPI.DLL
0x00007ffc59d00000 - 0x00007ffc59d08000 	C:\Windows\System32\NSI.dll
0x00007ffc50670000 - 0x00007ffc50686000 	C:\Windows\SYSTEM32\dhcpcsvc6.DLL
0x00007ffc50650000 - 0x00007ffc5066c000 	C:\Windows\SYSTEM32\dhcpcsvc.DLL
0x00007ffc570d0000 - 0x00007ffc5719b000 	C:\Windows\SYSTEM32\DNSAPI.dll

VM Arguments:
jvm_args: -Xmx2048m -Dfile.encoding=GBK -Duser.country=CN -Duser.language=zh -Duser.variant 
java_command: org.gradle.launcher.daemon.bootstrap.GradleDaemon 6.1.1
java_class_path (initial): C:\Users\NING MEI\.gradle\wrapper\dists\gradle-6.1.1-all\cfmwm155h49vnt3hynmlrsdst\gradle-6.1.1\lib\gradle-launcher-6.1.1.jar
Launcher Type: SUN_STANDARD

Environment Variables:
JAVA_HOME=D:\Android\JDK\jdk1.8.0_121
CLASSPATH=D:\Android\JDK\jdk1.8.0_121\lib\rt.jar;D:\Android\JDK\jdk1.8.0_121\lib\tools.jar
PATH=C:\Windows\system32;C:\Windows;C:\Windows\System32\Wbem;C:\Windows\System32\WindowsPowerShell\v1.0\;C:\Windows\System32\OpenSSH\;C:\Program Files (x86)\Common Files\microsoft shared\TigerKin;D:\Android\Git\cmd;"D:\Android\JDK\jdk1.8.0_121\bin;D:\Android\JDK\jdk1.8.0_121\jre\bin;";D:\JAVA\gradle-6.3\bin;D:\JAVA\maven\apache-maven-3.6.3\bin;C:\Program Files\MySQL\MySQL Server 8.0\bin;D:\Python\Scripts\;D:\Python\;C:\Users\NING MEI\AppData\Local\Microsoft\WindowsApps;D:\Android\Git\cmd;
USERNAME=NING MEI
OS=Windows_NT
PROCESSOR_IDENTIFIER=Intel64 Family 6 Model 158 Stepping 10, GenuineIntel



---------------  S Y S T E M  ---------------

OS: Windows 10.0 , 64 bit Build 18362 (10.0.18362.778)

CPU:total 6 (initial active 6) (6 cores per cpu, 1 threads per core) family 6 model 158 stepping 10, cmov, cx8, fxsr, mmx, sse, sse2, sse3, ssse3, sse4.1, sse4.2, popcnt, avx, avx2, aes, clmul, erms, 3dnowpref, lzcnt, tsc, tscinvbit, bmi1, bmi2, adx

Memory: 4k page, physical 16710712k(4452088k free), swap 16710712k(6076k free)

vm_info: OpenJDK 64-Bit Server VM (25.242-b01) for windows-amd64 JRE (1.8.0_242-release-1644-b01), built by "builder" with MS VC++ 10.0 (VS2010)

time: Sat Jun 13 16:07:37 2020
timezone: 中国标准时间
elapsed time: 3 seconds (0d 0h 0m 3s)

